2023.06.16 11:48:57 INFO  Started: Metals version 0.11.12 in workspace '/home/nirmal/UCSC/ucsc-files/2/1/2204 Functional programming/tutorial/1' for client Visual Studio Code - Insiders 1.79.0-insider.[0m
Jun 16, 2023 11:48:57 AM org.flywaydb.core.internal.license.VersionPrinter printVersionOnly
INFO: Flyway Community Edition 9.16.3 by Redgate
Jun 16, 2023 11:48:57 AM org.flywaydb.core.internal.license.VersionPrinter printVersion
INFO: See release notes here: https://rd.gt/416ObMi
Jun 16, 2023 11:48:57 AM org.flywaydb.core.internal.license.VersionPrinter printVersion
INFO: 
Jun 16, 2023 11:48:57 AM org.flywaydb.core.internal.database.base.BaseDatabaseType createDatabase
INFO: Database: jdbc:h2:file:/home/nirmal/UCSC/ucsc-files/2/1/2204 Functional programming/tutorial/1/.metals/metals (H2 2.1)
Jun 16, 2023 11:48:57 AM org.flywaydb.core.internal.schemahistory.JdbcTableSchemaHistory allAppliedMigrations
INFO: Schema history table "PUBLIC"."flyway_schema_history" does not exist yet
Jun 16, 2023 11:48:57 AM org.flywaydb.core.internal.command.DbValidate validate
INFO: Successfully validated 4 migrations (execution time 00:00.013s)
Jun 16, 2023 11:48:57 AM org.flywaydb.core.internal.schemahistory.JdbcTableSchemaHistory create
INFO: Creating Schema History table "PUBLIC"."flyway_schema_history" ...
Jun 16, 2023 11:48:57 AM org.flywaydb.core.internal.command.DbMigrate migrateGroup
INFO: Current version of schema "PUBLIC": << Empty Schema >>
Jun 16, 2023 11:48:57 AM org.flywaydb.core.internal.command.DbMigrate doMigrateGroup
INFO: Migrating schema "PUBLIC" to version "1 - Create tables"
Jun 16, 2023 11:48:57 AM org.flywaydb.core.internal.command.DbMigrate doMigrateGroup
INFO: Migrating schema "PUBLIC" to version "2 - Server discovery"
Jun 16, 2023 11:48:57 AM org.flywaydb.core.internal.command.DbMigrate doMigrateGroup
INFO: Migrating schema "PUBLIC" to version "3 - Jar symbols"
Jun 16, 2023 11:48:57 AM org.flywaydb.core.internal.command.DbMigrate doMigrateGroup
INFO: Migrating schema "PUBLIC" to version "4 - Fingerprints"
Jun 16, 2023 11:48:57 AM org.flywaydb.core.internal.command.DbMigrate logSummary
INFO: Successfully applied 4 migrations to schema "PUBLIC", now at version v4 (execution time 00:00.068s)
2023.06.16 11:48:57 INFO  time: initialize in 0.52s[0m
2023.06.16 11:49:00 WARN  Build server is not auto-connectable.[0m
2023.06.16 11:49:00 WARN  no build tool detected in workspace '/home/nirmal/UCSC/ucsc-files/2/1/2204 Functional programming/tutorial/1'. The most common cause for this problem is that the editor was opened in the wrong working directory, for example if you use sbt then the workspace directory should contain build.sbt. [0m
Jun 16, 2023 11:49:00 AM org.eclipse.lsp4j.jsonrpc.RemoteEndpoint handleCancellation
WARNING: Unmatched cancel notification for request id 2
2023.06.16 11:49:00 WARN  no build target for: /home/nirmal/UCSC/ucsc-files/2/1/2204 Functional programming/tutorial/1/1.scala[0m
2023.06.16 11:51:01 INFO  no build target found for /home/nirmal/UCSC/ucsc-files/2/1/2204 Functional programming/tutorial/1/1.scala. Using presentation compiler with project's scala-library version: 3.2.2[0m
2023.06.16 11:51:02 INFO  time: code lens generation in 2m2s[0m
2023.06.16 12:59:20 WARN  no build target for: /home/nirmal/UCSC/ucsc-files/2/1/2204 Functional programming/tutorial/1/2.scala[0m
2023.06.16 13:00:35 WARN  no build target for: /home/nirmal/UCSC/ucsc-files/2/1/2204 Functional programming/tutorial/1/3.scala[0m
2023.06.16 13:00:42 WARN  no build target for: /home/nirmal/UCSC/ucsc-files/2/1/2204 Functional programming/tutorial/1/4.scala[0m
2023.06.16 13:06:49 WARN  no build target for: /home/nirmal/UCSC/ucsc-files/2/1/2204 Functional programming/tutorial/1/1.scala[0m
2023.06.16 13:07:00 WARN  no build target for: /home/nirmal/UCSC/ucsc-files/2/1/2204 Functional programming/tutorial/1/2.scala[0m
2023.06.16 13:07:11 WARN  no build target for: /home/nirmal/UCSC/ucsc-files/2/1/2204 Functional programming/tutorial/1/3.scala[0m
2023.06.16 13:07:14 WARN  no build target for: /home/nirmal/UCSC/ucsc-files/2/1/2204 Functional programming/tutorial/1/4.scala[0m
2023.06.16 13:08:38 WARN  no build target for: /home/nirmal/UCSC/ucsc-files/2/1/2204 Functional programming/tutorial/1/5.scala[0m
2023.06.16 13:09:16 WARN  no build target for: /home/nirmal/UCSC/ucsc-files/2/1/2204 Functional programming/tutorial/1/1.scala[0m
2023.06.16 13:12:00 WARN  no build target for: /home/nirmal/UCSC/ucsc-files/2/1/2204 Functional programming/tutorial/1/5.scala[0m
2023.06.16 13:25:39 WARN  no build target for: /home/nirmal/UCSC/ucsc-files/2/1/2204 Functional programming/tutorial/1/4.scala[0m
2023.06.16 13:26:44 WARN  no build target for: /home/nirmal/UCSC/ucsc-files/2/1/2204 Functional programming/tutorial/1/1.scala[0m
2023.06.16 13:35:33 WARN  no build target for: /home/nirmal/UCSC/ucsc-files/2/1/2204 Functional programming/tutorial/1/5.scala[0m
2023.06.16 13:35:56 WARN  no build target for: /home/nirmal/UCSC/ucsc-files/2/1/2204 Functional programming/tutorial/1/1.scala[0m
2023.06.16 13:35:58 WARN  no build target for: /home/nirmal/UCSC/ucsc-files/2/1/2204 Functional programming/tutorial/1/5.scala[0m
2023.06.16 13:36:19 WARN  no build target for: /home/nirmal/UCSC/ucsc-files/2/1/2204 Functional programming/tutorial/1/1.scala[0m
2023.06.16 13:38:40 WARN  no build target for: /home/nirmal/UCSC/ucsc-files/2/1/2204 Functional programming/tutorial/1/5.scala[0m
2023.06.16 13:38:42 WARN  no build target for: /home/nirmal/UCSC/ucsc-files/2/1/2204 Functional programming/tutorial/1/4.scala[0m
2023.06.16 13:38:44 WARN  no build target for: /home/nirmal/UCSC/ucsc-files/2/1/2204 Functional programming/tutorial/1/3.scala[0m
2023.06.16 13:38:46 WARN  no build target for: /home/nirmal/UCSC/ucsc-files/2/1/2204 Functional programming/tutorial/1/2.scala[0m
2023.06.16 13:38:50 WARN  no build target for: /home/nirmal/UCSC/ucsc-files/2/1/2204 Functional programming/tutorial/1/5.scala[0m
2023.06.16 13:39:27 WARN  no build target for: /home/nirmal/UCSC/ucsc-files/2/1/2204 Functional programming/tutorial/1/4.scala[0m
2023.06.16 13:42:11 WARN  no build target for: /home/nirmal/UCSC/ucsc-files/2/1/2204 Functional programming/tutorial/1/1.scala[0m
2023.06.16 13:47:40 WARN  no build target for: /home/nirmal/UCSC/ucsc-files/2/1/2204 Functional programming/tutorial/1/3.scala[0m
2023.06.16 13:48:22 WARN  no build target for: /home/nirmal/UCSC/ucsc-files/2/1/2204 Functional programming/tutorial/1/4.scala[0m
2023.06.20 13:29:46 INFO  Started: Metals version 0.11.12 in workspace '/home/nirmal/UCSC/ucsc-files/2/1/2204 Functional programming/tutorial/1' for client Visual Studio Code - Insiders 1.79.0-insider.[0m
Jun 20, 2023 1:29:46 PM org.flywaydb.core.internal.license.VersionPrinter printVersionOnly
INFO: Flyway Community Edition 9.16.3 by Redgate
Jun 20, 2023 1:29:46 PM org.flywaydb.core.internal.license.VersionPrinter printVersion
INFO: See release notes here: https://rd.gt/416ObMi
Jun 20, 2023 1:29:46 PM org.flywaydb.core.internal.license.VersionPrinter printVersion
INFO: 
Jun 20, 2023 1:29:47 PM org.flywaydb.core.internal.database.base.BaseDatabaseType createDatabase
INFO: Database: jdbc:h2:file:/home/nirmal/UCSC/ucsc-files/2/1/2204 Functional programming/tutorial/1/.metals/metals (H2 2.1)
Jun 20, 2023 1:29:47 PM org.flywaydb.core.internal.command.DbValidate validate
INFO: Successfully validated 4 migrations (execution time 00:00.022s)
Jun 20, 2023 1:29:47 PM org.flywaydb.core.internal.command.DbMigrate migrateGroup
INFO: Current version of schema "PUBLIC": 4
Jun 20, 2023 1:29:47 PM org.flywaydb.core.internal.command.DbMigrate logSummary
INFO: Schema "PUBLIC" is up to date. No migration necessary.
2023.06.20 13:29:47 INFO  time: initialize in 0.53s[0m
2023.06.20 13:29:49 WARN  Build server is not auto-connectable.[0m
2023.06.20 13:29:49 WARN  no build tool detected in workspace '/home/nirmal/UCSC/ucsc-files/2/1/2204 Functional programming/tutorial/1'. The most common cause for this problem is that the editor was opened in the wrong working directory, for example if you use sbt then the workspace directory should contain build.sbt. [0m
2023.06.20 13:29:49 WARN  no build target for: /home/nirmal/UCSC/ucsc-files/2/1/2204 Functional programming/tutorial/1/4.scala[0m
2023.06.20 13:29:54 INFO  no build target found for /home/nirmal/UCSC/ucsc-files/2/1/2204 Functional programming/tutorial/1/4.scala. Using presentation compiler with project's scala-library version: 3.2.2[0m
2023.06.20 13:29:55 WARN  no build target for: /home/nirmal/UCSC/ucsc-files/2/1/2204 Functional programming/tutorial/1/1.scala[0m
2023.06.20 13:29:56 INFO  time: code lens generation in 6.36s[0m
2023.06.20 13:32:41 WARN  no build target for: /home/nirmal/UCSC/ucsc-files/2/1/2204 Functional programming/tutorial/1/2.scala[0m
2023.06.20 13:32:43 WARN  no build target for: /home/nirmal/UCSC/ucsc-files/2/1/2204 Functional programming/tutorial/1/3.scala[0m
2023.06.20 13:32:44 WARN  no build target for: /home/nirmal/UCSC/ucsc-files/2/1/2204 Functional programming/tutorial/1/4.scala[0m
2023.06.20 13:32:46 WARN  no build target for: /home/nirmal/UCSC/ucsc-files/2/1/2204 Functional programming/tutorial/1/5.scala[0m
2023.06.20 13:32:48 WARN  no build target for: /home/nirmal/UCSC/ucsc-files/2/1/2204 Functional programming/tutorial/1/1.scala[0m
2023.06.20 14:21:05 WARN  no build target for: /home/nirmal/UCSC/ucsc-files/2/1/2204 Functional programming/tutorial/1/5.scala[0m
2023.06.20 14:21:07 WARN  no build target for: /home/nirmal/UCSC/ucsc-files/2/1/2204 Functional programming/tutorial/1/2.scala[0m
2023.06.20 14:21:09 WARN  no build target for: /home/nirmal/UCSC/ucsc-files/2/1/2204 Functional programming/tutorial/1/3.scala[0m
2023.06.20 14:21:11 WARN  no build target for: /home/nirmal/UCSC/ucsc-files/2/1/2204 Functional programming/tutorial/1/4.scala[0m
